<?xml version="1.0" encoding="UTF-8"?>
<!-- Generated by org.testng.reporters.JUnitReportReporter -->
<testsuite hostname="L-INE-FZR4PL3" failures="0" tests="3" name="com.myStore.testcases.TC1_MyAccountUsingDDTExcel" time="13.558" errors="0" timestamp="2024-01-16T09:57:43 IST" skipped="0">
  <testcase classname="com.myStore.testcases.TC1_MyAccountUsingDDTExcel" name="verifyRegistrationAndLogin" time="8.251"/>
  <testcase classname="com.myStore.testcases.TC1_MyAccountUsingDDTExcel" name="verifyLogin" time="2.636"/>
  <testcase classname="com.myStore.testcases.TC1_MyAccountUsingDDTExcel" name="verifyLogin" time="2.671"/>
</testsuite> <!-- com.myStore.testcases.TC1_MyAccountUsingDDTExcel -->
