<?xml version="1.0" encoding="UTF-8"?>
<!-- Generated by org.testng.reporters.JUnitReportReporter -->
<testsuite hostname="L-INE-FZR4PL3" failures="0" tests="2" name="com.myStore.testcases.TC1_MyAccount" time="10.982" errors="0" timestamp="2024-01-16T09:57:43 IST" skipped="0">
  <testcase classname="com.myStore.testcases.TC1_MyAccount" name="verifyRegistrationAndLogin" time="8.344"/>
  <testcase classname="com.myStore.testcases.TC1_MyAccount" name="verifyLogin" time="2.638"/>
</testsuite> <!-- com.myStore.testcases.TC1_MyAccount -->
