<?xml version="1.0" encoding="UTF-8"?>
<!-- Generated by org.testng.reporters.JUnitReportReporter -->
<testsuite hostname="L-INE-FZR4PL3" failures="0" tests="3" name="com.myStore.testcases.TC1_MyAccount2" time="13.237" errors="0" timestamp="2024-01-15T21:23:35 IST" skipped="0">
  <testcase classname="com.myStore.testcases.TC1_MyAccount2" name="verifyRegistrationAndLogin" time="7.616"/>
  <testcase classname="com.myStore.testcases.TC1_MyAccount2" name="verifyLogin" time="2.828"/>
  <testcase classname="com.myStore.testcases.TC1_MyAccount2" name="verifyLogin" time="2.793"/>
</testsuite> <!-- com.myStore.testcases.TC1_MyAccount2 -->
